mode: set
github.com/xescugc/rubberducking/cmd/root.go:31.63,33.37 2 0
github.com/xescugc/rubberducking/cmd/root.go:33.37,35.7 1 0
github.com/xescugc/rubberducking/cmd/root.go:37.6,37.55 1 0
github.com/xescugc/rubberducking/cmd/root.go:41.61,43.4 1 0
github.com/xescugc/rubberducking/main.go:11.13,13.16 2 0
github.com/xescugc/rubberducking/main.go:13.16,15.3 1 0
github.com/xescugc/rubberducking/log/log.go:15.13,21.2 2 0
github.com/xescugc/rubberducking/log/log.go:15.13,21.2 2 1
github.com/xescugc/rubberducking/src/manager.go:42.32,44.16 2 1
github.com/xescugc/rubberducking/src/manager.go:44.16,46.3 1 0
github.com/xescugc/rubberducking/src/manager.go:47.2,47.12 1 1
github.com/xescugc/rubberducking/src/manager.go:61.62,63.16 2 0
github.com/xescugc/rubberducking/src/manager.go:63.16,65.3 1 0
github.com/xescugc/rubberducking/src/manager.go:66.2,67.16 2 0
github.com/xescugc/rubberducking/src/manager.go:67.16,69.3 1 0
github.com/xescugc/rubberducking/src/manager.go:71.2,72.20 2 0
github.com/xescugc/rubberducking/src/manager.go:72.20,76.10 4 0
github.com/xescugc/rubberducking/src/manager.go:77.22,77.22 0 0
github.com/xescugc/rubberducking/src/manager.go:78.11,79.22 1 0
github.com/xescugc/rubberducking/src/manager.go:82.2,82.12 1 0
github.com/xescugc/rubberducking/src/manager.go:82.12,89.3 4 0
github.com/xescugc/rubberducking/src/manager.go:91.2,96.16 4 0
github.com/xescugc/rubberducking/src/manager.go:96.16,98.3 1 0
github.com/xescugc/rubberducking/src/manager.go:100.2,101.16 2 0
github.com/xescugc/rubberducking/src/manager.go:101.16,103.3 1 0
github.com/xescugc/rubberducking/src/manager.go:105.2,108.16 4 0
github.com/xescugc/rubberducking/src/manager.go:108.16,110.3 1 0
github.com/xescugc/rubberducking/src/manager.go:112.2,113.16 2 0
github.com/xescugc/rubberducking/src/manager.go:113.16,115.3 1 0
github.com/xescugc/rubberducking/src/manager.go:117.2,120.16 3 0
github.com/xescugc/rubberducking/src/manager.go:120.16,122.3 1 0
github.com/xescugc/rubberducking/src/manager.go:124.2,124.12 1 0
github.com/xescugc/rubberducking/src/manager.go:127.57,139.33 6 0
github.com/xescugc/rubberducking/src/manager.go:139.33,141.3 1 0
github.com/xescugc/rubberducking/src/manager.go:142.2,142.17 1 0
github.com/xescugc/rubberducking/src/manager.go:145.38,148.80 2 0
github.com/xescugc/rubberducking/src/manager.go:148.80,149.27 1 0
github.com/xescugc/rubberducking/src/manager.go:149.27,154.4 4 0
github.com/xescugc/rubberducking/src/manager.go:155.3,155.9 1 0
github.com/xescugc/rubberducking/src/manager.go:157.2,157.70 1 0
github.com/xescugc/rubberducking/src/manager.go:157.70,160.28 1 0
github.com/xescugc/rubberducking/src/manager.go:160.28,166.4 5 0
github.com/xescugc/rubberducking/src/manager.go:168.3,171.17 4 0
github.com/xescugc/rubberducking/src/manager.go:171.17,178.18 6 0
github.com/xescugc/rubberducking/src/manager.go:178.18,185.5 5 0
github.com/xescugc/rubberducking/src/manager.go:186.4,186.10 1 0
github.com/xescugc/rubberducking/src/manager.go:188.3,188.26 1 0
github.com/xescugc/rubberducking/src/manager.go:191.2,192.7 2 0
github.com/xescugc/rubberducking/src/manager.go:192.7,194.3 1 0
github.com/xescugc/rubberducking/src/manager.go:195.2,201.45 3 0
github.com/xescugc/rubberducking/src/manager.go:201.45,202.53 1 0
github.com/xescugc/rubberducking/src/manager.go:206.90,207.9 1 0
github.com/xescugc/rubberducking/src/manager.go:208.20,209.13 1 0
github.com/xescugc/rubberducking/src/manager.go:210.10,213.68 3 0
github.com/xescugc/rubberducking/src/manager.go:213.68,215.18 2 0
github.com/xescugc/rubberducking/src/manager.go:215.18,217.5 1 0
github.com/xescugc/rubberducking/src/manager.go:218.4,228.18 5 0
github.com/xescugc/rubberducking/src/manager.go:228.18,231.5 2 0
github.com/xescugc/rubberducking/src/manager.go:232.4,233.18 2 0
github.com/xescugc/rubberducking/src/manager.go:233.18,236.5 2 0
github.com/xescugc/rubberducking/src/manager.go:238.4,241.18 4 0
github.com/xescugc/rubberducking/src/manager.go:241.18,244.5 2 0
github.com/xescugc/rubberducking/src/manager.go:248.4,248.16 1 0
github.com/xescugc/rubberducking/src/manager.go:248.16,250.5 1 0
github.com/xescugc/rubberducking/src/manager.go:252.4,259.18 6 0
github.com/xescugc/rubberducking/src/manager.go:259.18,261.5 1 0
github.com/xescugc/rubberducking/src/manager.go:263.4,264.9 2 0
github.com/xescugc/rubberducking/src/manager.go:264.9,266.5 1 0
github.com/xescugc/rubberducking/src/manager.go:268.4,269.25 2 0
github.com/xescugc/rubberducking/src/manager.go:272.3,272.21 1 0
github.com/xescugc/rubberducking/src/manager.go:272.21,274.4 1 0
github.com/xescugc/rubberducking/src/manager.go:275.3,277.56 2 0
github.com/xescugc/rubberducking/src/manager.go:281.42,283.67 2 0
github.com/xescugc/rubberducking/src/manager.go:283.67,285.51 2 0
github.com/xescugc/rubberducking/src/manager.go:285.51,288.4 2 0
github.com/xescugc/rubberducking/src/manager.go:290.2,290.8 1 0
github.com/xescugc/rubberducking/src/sendmessage.go:15.70,17.16 2 1
github.com/xescugc/rubberducking/src/sendmessage.go:17.16,19.3 1 0
github.com/xescugc/rubberducking/src/sendmessage.go:21.2,22.16 2 1
github.com/xescugc/rubberducking/src/sendmessage.go:22.16,23.25 1 1
github.com/xescugc/rubberducking/src/sendmessage.go:23.25,25.4 1 1
github.com/xescugc/rubberducking/src/sendmessage.go:26.3,26.13 1 0
github.com/xescugc/rubberducking/src/sendmessage.go:28.2,32.16 4 1
github.com/xescugc/rubberducking/src/sendmessage.go:32.16,34.3 1 0
github.com/xescugc/rubberducking/src/sendmessage.go:36.2,38.16 3 1
github.com/xescugc/rubberducking/src/sendmessage.go:38.16,40.3 1 0
github.com/xescugc/rubberducking/src/sendmessage.go:42.2,43.16 2 1
github.com/xescugc/rubberducking/src/sendmessage.go:43.16,45.3 1 0
github.com/xescugc/rubberducking/src/sendmessage.go:47.2,48.16 2 1
github.com/xescugc/rubberducking/src/sendmessage.go:48.16,50.3 1 0
github.com/xescugc/rubberducking/src/sendmessage.go:51.2,53.42 2 1
github.com/xescugc/rubberducking/src/sendmessage.go:53.42,56.17 3 1
github.com/xescugc/rubberducking/src/sendmessage.go:56.17,58.4 1 0
github.com/xescugc/rubberducking/src/sendmessage.go:59.3,59.30 1 1
github.com/xescugc/rubberducking/src/sendmessage.go:62.2,62.12 1 1
